<?xml version="1.0" ?>
<!DOCTYPE coverage SYSTEM "http://cobertura.sourceforge.net/xml/coverage-04.dtd">
<coverage lines-valid="140"  lines-covered="138"  line-rate="0.9856999999999999"  branches-valid="26"  branches-covered="20"  branch-rate="0.7692"  timestamp="1580658816206" complexity="0" version="0.1">
<sources>
	<source>C:\Users\raghu.gannaram\Downloads\Final Project\hoopla-master\Hoopla_WS</source>
</sources>
<packages>
	<package name="spec"  line-rate="0.9762000000000001"  branch-rate="1" >
	<classes>
		<class name="test.spec.js"  filename="spec\test.spec.js"  line-rate="0.9762000000000001"  branch-rate="1" >
		<methods>
			<method name="(anonymous_1)"  hits="1"  signature="()V" >
				<lines><line number="27"  hits="1" /></lines>
			</method>
			<method name="(anonymous_2)"  hits="1"  signature="()V" >
				<lines><line number="31"  hits="1" /></lines>
			</method>
			<method name="(anonymous_3)"  hits="1"  signature="()V" >
				<lines><line number="36"  hits="1" /></lines>
			</method>
			<method name="(anonymous_4)"  hits="1"  signature="()V" >
				<lines><line number="41"  hits="1" /></lines>
			</method>
			<method name="(anonymous_5)"  hits="1"  signature="()V" >
				<lines><line number="47"  hits="1" /></lines>
			</method>
			<method name="(anonymous_6)"  hits="1"  signature="()V" >
				<lines><line number="52"  hits="1" /></lines>
			</method>
			<method name="(anonymous_7)"  hits="1"  signature="()V" >
				<lines><line number="69"  hits="1" /></lines>
			</method>
			<method name="(anonymous_8)"  hits="1"  signature="()V" >
				<lines><line number="74"  hits="1" /></lines>
			</method>
			<method name="(anonymous_9)"  hits="3"  signature="()V" >
				<lines><line number="87"  hits="3" /></lines>
			</method>
			<method name="(anonymous_10)"  hits="3"  signature="()V" >
				<lines><line number="88"  hits="3" /></lines>
			</method>
			<method name="(anonymous_11)"  hits="0"  signature="()V" >
				<lines><line number="130"  hits="0" /></lines>
			</method>
		</methods>
		<lines>
			<line number="1"  hits="1"  branch="false" />
			<line number="2"  hits="1"  branch="false" />
			<line number="3"  hits="1"  branch="false" />
			<line number="4"  hits="1"  branch="false" />
			<line number="5"  hits="1"  branch="false" />
			<line number="6"  hits="1"  branch="false" />
			<line number="7"  hits="2"  branch="false" />
			<line number="8"  hits="2"  branch="false" />
			<line number="12"  hits="1"  branch="false" />
			<line number="13"  hits="1"  branch="false" />
			<line number="14"  hits="6"  branch="false" />
			<line number="24"  hits="1"  branch="false" />
			<line number="25"  hits="1"  branch="false" />
			<line number="27"  hits="1"  branch="false" />
			<line number="29"  hits="1"  branch="false" />
			<line number="30"  hits="1"  branch="false" />
			<line number="31"  hits="1"  branch="false" />
			<line number="34"  hits="1"  branch="false" />
			<line number="35"  hits="1"  branch="false" />
			<line number="36"  hits="1"  branch="false" />
			<line number="39"  hits="1"  branch="false" />
			<line number="40"  hits="1"  branch="false" />
			<line number="41"  hits="1"  branch="false" />
			<line number="45"  hits="1"  branch="false" />
			<line number="46"  hits="1"  branch="false" />
			<line number="47"  hits="1"  branch="false" />
			<line number="50"  hits="1"  branch="false" />
			<line number="51"  hits="1"  branch="false" />
			<line number="52"  hits="1"  branch="false" />
			<line number="57"  hits="1"  branch="false" />
			<line number="58"  hits="1"  branch="false" />
			<line number="59"  hits="2"  branch="false" />
			<line number="67"  hits="1"  branch="false" />
			<line number="68"  hits="1"  branch="false" />
			<line number="69"  hits="1"  branch="false" />
			<line number="72"  hits="1"  branch="false" />
			<line number="73"  hits="1"  branch="false" />
			<line number="74"  hits="1"  branch="false" />
			<line number="80"  hits="1"  branch="false" />
			<line number="81"  hits="1"  branch="false" />
			<line number="82"  hits="1"  branch="false" />
			<line number="83"  hits="1"  branch="false" />
			<line number="84"  hits="3"  branch="false" />
			<line number="87"  hits="3"  branch="false" />
			<line number="88"  hits="3"  branch="false" />
			<line number="91"  hits="1"  branch="false" />
			<line number="92"  hits="1"  branch="false" />
			<line number="94"  hits="1"  branch="false" />
			<line number="95"  hits="1"  branch="false" />
			<line number="98"  hits="1"  branch="false" />
			<line number="103"  hits="1"  branch="false" />
			<line number="104"  hits="1"  branch="false" />
			<line number="105"  hits="1"  branch="false" />
			<line number="106"  hits="1"  branch="false" />
			<line number="107"  hits="1"  branch="false" />
			<line number="110"  hits="1"  branch="false" />
			<line number="114"  hits="1"  branch="false" />
			<line number="115"  hits="1"  branch="false" />
			<line number="116"  hits="1"  branch="false" />
			<line number="117"  hits="1"  branch="false" />
			<line number="120"  hits="1"  branch="false" />
			<line number="125"  hits="1"  branch="false" />
			<line number="126"  hits="1"  branch="false" />
			<line number="127"  hits="1"  branch="false" />
			<line number="128"  hits="1"  branch="false" />
			<line number="129"  hits="1"  branch="false" />
			<line number="130"  hits="2"  branch="false" />
			<line number="131"  hits="2"  branch="false" />
			<line number="132"  hits="2"  branch="false" />
			<line number="133"  hits="2"  branch="false" />
			<line number="134"  hits="2"  branch="false" />
			<line number="139"  hits="1"  branch="false" />
			<line number="140"  hits="1"  branch="false" />
			<line number="141"  hits="1"  branch="false" />
			<line number="144"  hits="1"  branch="false" />
			<line number="147"  hits="1"  branch="false" />
			<line number="148"  hits="1"  branch="false" />
			<line number="149"  hits="1"  branch="false" />
			<line number="151"  hits="0"  branch="false" />
			<line number="152"  hits="0"  branch="false" />
			<line number="156"  hits="1"  branch="false" />
			<line number="157"  hits="1"  branch="false" />
			<line number="158"  hits="1"  branch="false" />
			<line number="159"  hits="1"  branch="false" />
		</lines>
		</class>
	</classes>
	</package>
	<package name="src.utilities"  line-rate="1"  branch-rate="0.7692" >
	<classes>
		<class name="errorlogger.js"  filename="src\utilities\errorlogger.js"  line-rate="1"  branch-rate="0.6667000000000001" >
		<methods>
		</methods>
		<lines>
			<line number="1"  hits="1"  branch="false" />
			<line number="3"  hits="1"  branch="false" />
			<line number="4"  hits="3"  branch="true"  condition-coverage="50% (1/2)" />
			<line number="5"  hits="3"  branch="false" />
			<line number="6"  hits="3"  branch="true"  condition-coverage="50% (1/2)" />
			<line number="8"  hits="3"  branch="true"  condition-coverage="100% (2/2)" />
			<line number="9"  hits="2"  branch="false" />
			<line number="10"  hits="3"  branch="false" />
			<line number="11"  hits="3"  branch="false" />
			<line number="15"  hits="1"  branch="false" />
		</lines>
		</class>
		<class name="requestlogger.js"  filename="src\utilities\requestlogger.js"  line-rate="1"  branch-rate="0.5" >
		<methods>
		</methods>
		<lines>
			<line number="1"  hits="1"  branch="false" />
			<line number="2"  hits="1"  branch="false" />
			<line number="3"  hits="1"  branch="false" />
			<line number="4"  hits="1"  branch="false" />
			<line number="5"  hits="1"  branch="true"  condition-coverage="50% (1/2)" />
			<line number="7"  hits="1"  branch="false" />
			<line number="9"  hits="1"  branch="false" />
		</lines>
		</class>
		<class name="validator.js"  filename="src\utilities\validator.js"  line-rate="1"  branch-rate="0.8332999999999999" >
		<methods>
			<method name="(anonymous_1)"  hits="1"  signature="()V" >
				<lines><line number="3"  hits="1" /></lines>
			</method>
			<method name="(anonymous_2)"  hits="1"  signature="()V" >
				<lines><line number="14"  hits="1" /></lines>
			</method>
			<method name="(anonymous_3)"  hits="6"  signature="()V" >
				<lines><line number="24"  hits="6" /></lines>
			</method>
		</methods>
		<lines>
			<line number="1"  hits="1"  branch="false" />
			<line number="3"  hits="1"  branch="false" />
			<line number="4"  hits="1"  branch="false" />
			<line number="5"  hits="1"  branch="true"  condition-coverage="50% (1/2)" />
			<line number="6"  hits="1"  branch="false" />
			<line number="7"  hits="1"  branch="false" />
			<line number="8"  hits="1"  branch="false" />
			<line number="14"  hits="1"  branch="false" />
			<line number="15"  hits="1"  branch="false" />
			<line number="16"  hits="1"  branch="true"  condition-coverage="50% (1/2)" />
			<line number="17"  hits="1"  branch="false" />
			<line number="18"  hits="1"  branch="false" />
			<line number="19"  hits="1"  branch="false" />
			<line number="24"  hits="1"  branch="false" />
			<line number="26"  hits="6"  branch="true"  condition-coverage="100% (4/4)" />
			<line number="27"  hits="1"  branch="false" />
			<line number="28"  hits="1"  branch="false" />
			<line number="29"  hits="1"  branch="false" />
			<line number="31"  hits="5"  branch="true"  condition-coverage="100% (2/2)" />
			<line number="32"  hits="1"  branch="false" />
			<line number="33"  hits="1"  branch="false" />
			<line number="34"  hits="1"  branch="false" />
			<line number="37"  hits="4"  branch="true"  condition-coverage="100% (2/2)" />
			<line number="38"  hits="1"  branch="false" />
			<line number="39"  hits="1"  branch="false" />
			<line number="40"  hits="1"  branch="false" />
			<line number="42"  hits="3"  branch="true"  condition-coverage="100% (2/2)" />
			<line number="43"  hits="1"  branch="false" />
			<line number="44"  hits="1"  branch="false" />
			<line number="45"  hits="1"  branch="false" />
			<line number="47"  hits="2"  branch="true"  condition-coverage="100% (2/2)" />
			<line number="48"  hits="1"  branch="false" />
			<line number="49"  hits="1"  branch="false" />
			<line number="50"  hits="1"  branch="false" />
			<line number="52"  hits="1"  branch="true"  condition-coverage="50% (1/2)" />
			<line number="53"  hits="1"  branch="false" />
			<line number="54"  hits="1"  branch="false" />
			<line number="55"  hits="1"  branch="false" />
			<line number="61"  hits="1"  branch="false" />
		</lines>
		</class>
	</classes>
	</package>
</packages>
</coverage>
