TN:
SF:C:\Users\raghu.gannaram\Downloads\Final Project\hoopla-master\Hoopla_WS\spec\test.spec.js
FN:27,(anonymous_1)
FN:31,(anonymous_2)
FN:36,(anonymous_3)
FN:41,(anonymous_4)
FN:47,(anonymous_5)
FN:52,(anonymous_6)
FN:69,(anonymous_7)
FN:74,(anonymous_8)
FN:87,(anonymous_9)
FN:88,(anonymous_10)
FN:130,(anonymous_11)
FNF:11
FNH:10
FNDA:1,(anonymous_1)
FNDA:1,(anonymous_2)
FNDA:1,(anonymous_3)
FNDA:1,(anonymous_4)
FNDA:1,(anonymous_5)
FNDA:1,(anonymous_6)
FNDA:1,(anonymous_7)
FNDA:1,(anonymous_8)
FNDA:3,(anonymous_9)
FNDA:3,(anonymous_10)
FNDA:0,(anonymous_11)
DA:1,1
DA:2,1
DA:3,1
DA:4,1
DA:5,1
DA:6,1
DA:7,2
DA:8,2
DA:12,1
DA:13,1
DA:14,6
DA:24,1
DA:25,1
DA:27,1
DA:29,1
DA:30,1
DA:31,1
DA:34,1
DA:35,1
DA:36,1
DA:39,1
DA:40,1
DA:41,1
DA:45,1
DA:46,1
DA:47,1
DA:50,1
DA:51,1
DA:52,1
DA:57,1
DA:58,1
DA:59,2
DA:67,1
DA:68,1
DA:69,1
DA:72,1
DA:73,1
DA:74,1
DA:80,1
DA:81,1
DA:82,1
DA:83,1
DA:84,3
DA:87,3
DA:88,3
DA:91,1
DA:92,1
DA:94,1
DA:95,1
DA:98,1
DA:103,1
DA:104,1
DA:105,1
DA:106,1
DA:107,1
DA:110,1
DA:114,1
DA:115,1
DA:116,1
DA:117,1
DA:120,1
DA:125,1
DA:126,1
DA:127,1
DA:128,1
DA:129,1
DA:130,2
DA:131,2
DA:132,2
DA:133,2
DA:134,2
DA:139,1
DA:140,1
DA:141,1
DA:144,1
DA:147,1
DA:148,1
DA:149,1
DA:151,0
DA:152,0
DA:156,1
DA:157,1
DA:158,1
DA:159,1
LF:84
LH:82
BRF:0
BRH:0
end_of_record
TN:
SF:C:\Users\raghu.gannaram\Downloads\Final Project\hoopla-master\Hoopla_WS\src\utilities\validator.js
FN:3,(anonymous_1)
FN:14,(anonymous_2)
FN:24,(anonymous_3)
FNF:3
FNH:3
FNDA:1,(anonymous_1)
FNDA:1,(anonymous_2)
FNDA:6,(anonymous_3)
DA:1,1
DA:3,1
DA:4,1
DA:5,1
DA:6,1
DA:7,1
DA:8,1
DA:14,1
DA:15,1
DA:16,1
DA:17,1
DA:18,1
DA:19,1
DA:24,1
DA:26,6
DA:27,1
DA:28,1
DA:29,1
DA:31,5
DA:32,1
DA:33,1
DA:34,1
DA:37,4
DA:38,1
DA:39,1
DA:40,1
DA:42,3
DA:43,1
DA:44,1
DA:45,1
DA:47,2
DA:48,1
DA:49,1
DA:50,1
DA:52,1
DA:53,1
DA:54,1
DA:55,1
DA:61,1
LF:39
LH:39
BRDA:5,1,0,1
BRDA:5,1,1,0
BRDA:16,2,0,1
BRDA:16,2,1,0
BRDA:26,3,0,1
BRDA:26,3,1,5
BRDA:26,4,0,6
BRDA:26,4,1,1
BRDA:31,5,0,1
BRDA:31,5,1,4
BRDA:37,6,0,1
BRDA:37,6,1,3
BRDA:42,7,0,1
BRDA:42,7,1,2
BRDA:47,8,0,1
BRDA:47,8,1,1
BRDA:52,9,0,1
BRDA:52,9,1,0
BRF:18
BRH:15
end_of_record
TN:
SF:C:\Users\raghu.gannaram\Downloads\Final Project\hoopla-master\Hoopla_WS\src\utilities\errorlogger.js
FNF:0
FNH:0
DA:1,1
DA:3,1
DA:4,3
DA:5,3
DA:6,3
DA:8,3
DA:9,2
DA:10,3
DA:11,3
DA:15,1
LF:10
LH:10
BRDA:4,1,0,3
BRDA:4,1,1,0
BRDA:6,2,0,0
BRDA:6,2,1,3
BRDA:8,3,0,1
BRDA:8,3,1,2
BRF:6
BRH:4
end_of_record
TN:
SF:C:\Users\raghu.gannaram\Downloads\Final Project\hoopla-master\Hoopla_WS\src\utilities\requestlogger.js
FNF:0
FNH:0
DA:1,1
DA:2,1
DA:3,1
DA:4,1
DA:5,1
DA:7,1
DA:9,1
LF:7
LH:7
BRDA:5,1,0,0
BRDA:5,1,1,1
BRF:2
BRH:1
end_of_record
